Using pre-set license
Built from '2022.3/staging' branch; Version is '2022.3.16f1 (d2c21f0ef2f1) revision 13812255'; Using compiler version '192829333'; Build Type 'Release'
OS: 'Windows 10  (10.0.19045) 64bit Professional' Language: 'en' Physical Memory: 16336 MB
BatchMode: 1, IsHumanControllingUs: 0, StartBugReporterOnCrash: 0, Is64bit: 1, IsPro: 1

COMMAND LINE ARGUMENTS:
C:\Program Files\Unity\Hub\Editor\2022.3.16f1\Editor\Unity.exe
-adb2
-batchMode
-noUpm
-name
AssetImportWorker1
-projectPath
C:/PixTalks---Social-Image-Sharing-App/PixTalks
-logFile
Logs/AssetImportWorker1.log
-srvPort
50413
Successfully changed project path to: C:/PixTalks---Social-Image-Sharing-App/PixTalks
C:/PixTalks---Social-Image-Sharing-App/PixTalks
[UnityMemory] Configuration Parameters - Can be set up in boot.config
    "memorysetup-bucket-allocator-granularity=16"
    "memorysetup-bucket-allocator-bucket-count=8"
    "memorysetup-bucket-allocator-block-size=33554432"
    "memorysetup-bucket-allocator-block-count=8"
    "memorysetup-main-allocator-block-size=16777216"
    "memorysetup-thread-allocator-block-size=16777216"
    "memorysetup-gfx-main-allocator-block-size=16777216"
    "memorysetup-gfx-thread-allocator-block-size=16777216"
    "memorysetup-cache-allocator-block-size=4194304"
    "memorysetup-typetree-allocator-block-size=2097152"
    "memorysetup-profiler-bucket-allocator-granularity=16"
    "memorysetup-profiler-bucket-allocator-bucket-count=8"
    "memorysetup-profiler-bucket-allocator-block-size=33554432"
    "memorysetup-profiler-bucket-allocator-block-count=8"
    "memorysetup-profiler-allocator-block-size=16777216"
    "memorysetup-profiler-editor-allocator-block-size=1048576"
    "memorysetup-temp-allocator-size-main=16777216"
    "memorysetup-job-temp-allocator-block-size=2097152"
    "memorysetup-job-temp-allocator-block-size-background=1048576"
    "memorysetup-job-temp-allocator-reduction-small-platforms=262144"
    "memorysetup-allocator-temp-initial-block-size-main=262144"
    "memorysetup-allocator-temp-initial-block-size-worker=262144"
    "memorysetup-temp-allocator-size-background-worker=32768"
    "memorysetup-temp-allocator-size-job-worker=262144"
    "memorysetup-temp-allocator-size-preload-manager=33554432"
    "memorysetup-temp-allocator-size-nav-mesh-worker=65536"
    "memorysetup-temp-allocator-size-audio-worker=65536"
    "memorysetup-temp-allocator-size-cloud-worker=32768"
    "memorysetup-temp-allocator-size-gi-baking-worker=262144"
    "memorysetup-temp-allocator-size-gfx=262144"
Player connection [12888] Host "[IP] 192.168.0.104 [Port] 0 [Flags] 2 [Guid] 3784175200 [EditorId] 3784175200 [Version] 1048832 [Id] WindowsEditor(7,DESKTOP-J1ODH8F) [Debug] 1 [PackageName] WindowsEditor [ProjectName] Editor" joined multi-casting on [225.0.0.222:54997]...

Player connection [12888] Host "[IP] 192.168.0.104 [Port] 0 [Flags] 2 [Guid] 3784175200 [EditorId] 3784175200 [Version] 1048832 [Id] WindowsEditor(7,DESKTOP-J1ODH8F) [Debug] 1 [PackageName] WindowsEditor [ProjectName] Editor" joined alternative multi-casting on [225.0.0.222:34997]...

[Physics::Module] Initialized MultithreadedJobDispatcher with 11 workers.
Refreshing native plugins compatible for Editor in 54.70 ms, found 8 plugins.
Preloading 0 native plugins for Editor in 0.00 ms.
Initialize engine version: 2022.3.16f1 (d2c21f0ef2f1)
[Subsystems] Discovering subsystems at path C:/Program Files/Unity/Hub/Editor/2022.3.16f1/Editor/Data/Resources/UnitySubsystems
[Subsystems] Discovering subsystems at path C:/PixTalks---Social-Image-Sharing-App/PixTalks/Assets
GfxDevice: creating device client; threaded=0; jobified=0
Direct3D:
    Version:  Direct3D 11.0 [level 11.1]
    Renderer: NVIDIA GeForce RTX 3060 (ID=0x2504)
    Vendor:   NVIDIA
    VRAM:     12129 MB
    Driver:   31.0.15.4633
Initialize mono
Mono path[0] = 'C:/Program Files/Unity/Hub/Editor/2022.3.16f1/Editor/Data/Managed'
Mono path[1] = 'C:/Program Files/Unity/Hub/Editor/2022.3.16f1/Editor/Data/MonoBleedingEdge/lib/mono/unityjit-win32'
Mono config path = 'C:/Program Files/Unity/Hub/Editor/2022.3.16f1/Editor/Data/MonoBleedingEdge/etc'
Using monoOptions --debugger-agent=transport=dt_socket,embedding=1,server=y,suspend=n,address=127.0.0.1:56228
Begin MonoManager ReloadAssembly
Registering precompiled unity dll's ...
Register platform support module: C:/Program Files/Unity/Hub/Editor/2022.3.16f1/Editor/Data/PlaybackEngines/AndroidPlayer/UnityEditor.Android.Extensions.dll
Register platform support module: C:/Program Files/Unity/Hub/Editor/2022.3.16f1/Editor/Data/PlaybackEngines/WindowsStandaloneSupport/UnityEditor.WindowsStandalone.Extensions.dll
Registered in 0.020100 seconds.
- Loaded All Assemblies, in  0.513 seconds
Native extension for WindowsStandalone target not found
Native extension for Android target not found
Android Extension - Scanning For ADB Devices 355 ms
Mono: successfully reloaded assembly
- Finished resetting the current domain, in  0.801 seconds
Domain Reload Profiling: 1311ms
	BeginReloadAssembly (159ms)
		ExecutionOrderSort (0ms)
		DisableScriptedObjects (0ms)
		BackupInstance (0ms)
		ReleaseScriptingObjects (0ms)
		CreateAndSetChildDomain (1ms)
	RebuildCommonClasses (44ms)
	RebuildNativeTypeToScriptingClass (15ms)
	initialDomainReloadingComplete (95ms)
	LoadAllAssembliesAndSetupDomain (198ms)
		LoadAssemblies (155ms)
		RebuildTransferFunctionScriptingTraits (0ms)
		AnalyzeDomain (195ms)
			TypeCache.Refresh (193ms)
				TypeCache.ScanAssembly (177ms)
			ScanForSourceGeneratedMonoScriptInfo (1ms)
			ResolveRequiredComponents (1ms)
	FinalizeReload (801ms)
		ReleaseScriptCaches (0ms)
		RebuildScriptCaches (0ms)
		SetupLoadedEditorAssemblies (727ms)
			LogAssemblyErrors (0ms)
			InitializePlatformSupportModulesInManaged (498ms)
			SetLoadedEditorAssemblies (6ms)
			RefreshPlugins (0ms)
			BeforeProcessingInitializeOnLoad (3ms)
			ProcessInitializeOnLoadAttributes (162ms)
			ProcessInitializeOnLoadMethodAttributes (59ms)
			AfterProcessingInitializeOnLoad (0ms)
			EditorAssembliesLoaded (0ms)
		ExecutionOrderSort2 (0ms)
		AwakeInstancesAfterBackupRestoration (0ms)
========================================================================
Worker process is ready to serve import requests
Begin MonoManager ReloadAssembly
Assembly 'Library/ScriptAssemblies/Assembly-CSharp.dll' will not be loaded due to errors:
Unable to resolve reference 'Firebase.App'. Is the assembly missing or incompatible with the current platform?
Reference validation can be disabled in the Plugin Inspector.
Unable to resolve reference 'Firebase.Auth'. Is the assembly missing or incompatible with the current platform?
Reference validation can be disabled in the Plugin Inspector.
Assembly 'Assets/ExternalDependencyManager/Editor/1.2.177/Google.IOSResolver.dll' will not be loaded due to errors:
Unable to resolve reference 'UnityEditor.iOS.Extensions.Xcode'. Is the assembly missing or incompatible with the current platform?
Reference validation can be disabled in the Plugin Inspector.
- Loaded All Assemblies, in  1.241 seconds
Refreshing native plugins compatible for Editor in 21.16 ms, found 4 plugins.
Native extension for WindowsStandalone target not found
Native extension for Android target not found
Package Manager log level set to [2]
[Package Manager] Server::EnsureServerProcessIsRunning -- launch failed, reason: Unity was launched with the -noUpm command-line argument
[Package Manager] UpmClient::Send -- Unable to send message (not connected to UPM process).
[Package Manager] Cannot connect to Unity Package Manager local server
Mono: successfully reloaded assembly
- Finished resetting the current domain, in  3.462 seconds
Domain Reload Profiling: 4695ms
	BeginReloadAssembly (244ms)
		ExecutionOrderSort (0ms)
		DisableScriptedObjects (10ms)
		BackupInstance (0ms)
		ReleaseScriptingObjects (0ms)
		CreateAndSetChildDomain (35ms)
	RebuildCommonClasses (54ms)
	RebuildNativeTypeToScriptingClass (17ms)
	initialDomainReloadingComplete (73ms)
	LoadAllAssembliesAndSetupDomain (843ms)
		LoadAssemblies (641ms)
		RebuildTransferFunctionScriptingTraits (0ms)
		AnalyzeDomain (340ms)
			TypeCache.Refresh (284ms)
				TypeCache.ScanAssembly (254ms)
			ScanForSourceGeneratedMonoScriptInfo (35ms)
			ResolveRequiredComponents (19ms)
	FinalizeReload (3463ms)
		ReleaseScriptCaches (0ms)
		RebuildScriptCaches (0ms)
		SetupLoadedEditorAssemblies (3133ms)
			LogAssemblyErrors (0ms)
			InitializePlatformSupportModulesInManaged (77ms)
			SetLoadedEditorAssemblies (4ms)
			RefreshPlugins (0ms)
			BeforeProcessingInitializeOnLoad (141ms)
			ProcessInitializeOnLoadAttributes (2645ms)
			ProcessInitializeOnLoadMethodAttributes (98ms)
			AfterProcessingInitializeOnLoad (169ms)
			EditorAssembliesLoaded (0ms)
		ExecutionOrderSort2 (0ms)
		AwakeInstancesAfterBackupRestoration (13ms)
Launched and connected shader compiler UnityShaderCompiler.exe after 1.92 seconds
Refreshing native plugins compatible for Editor in 181.09 ms, found 4 plugins.
Preloading 0 native plugins for Editor in 0.00 ms.
Unloading 4439 Unused Serialized files (Serialized files now loaded: 0)
Unloading 107 unused Assets / (259.1 KB). Loaded Objects now: 4888.
Memory consumption went from 165.1 MB to 164.9 MB.
Total: 41.767700 ms (FindLiveObjects: 0.527300 ms CreateObjectMapping: 0.239700 ms MarkObjects: 39.400900 ms  DeleteObjects: 1.597000 ms)

AssetImportParameters requested are different than current active one (requested -> active):
  custom:scripting/monoscript/fileName/ChannelSelector.cs: 787aa32b539868663942ded37c6d24ef -> 
  custom:scripting/monoscript/fileName/ChatAppIdCheckerUI.cs: 1bb8fafd3e2c10dfddf187c423c0f4b8 -> 
  custom:container-demuxer-ogg: 62fdf1f143b41e24485cea50d1cbac27 -> 
  custom:scripting/monoscript/fileName/IgnoreUiRaycastWhenInactive.cs: 64ae0ba0567ac5043ee479695fe7bd2b -> 
  custom:video-decoder-ogg-theora: a1e56fd34408186e4bbccfd4996cb3dc -> 
  custom:scripting/monoscript/fileName/NamePickGui.cs: 2c5392a37dc177dc65a116f98af1080e -> 
  custom:framework-win-MediaFoundation: 216162199b28c13a410421893ffa2e32 -> 
  custom:scripting/monoscript/fileName/FirebaseInit.cs: 73c248ca21fcbef028cfecaa31ad16e9 -> 
  custom:scripting/monoscript/fileName/EventSystemSpawner.cs: c525f40330ddc66d7e7f5297346da241 -> f408a55e814f245f8bc8085441fbe94b
  custom:scripting/monoscript/fileName/TextToggleIsOnTransition.cs: 326b9c727c304dd69fe51444f64a7721 -> 3e45da2cb510baa5765664ee499455b7
  custom:scripting/precompiled-assembly-types:Firebase.Auth: eadad302a2d5988ba065896a9c67867b -> 
  custom:scripting/monoscript/fileName/WaitExtension.cs: 5e347a66abaad736f91920d649cf00dc -> 
  custom:scripting/monoscript/fileName/ConnectAndJoinRandomLb.cs: 9dd47be72f766f78cbbffce9f8575ef1 -> 
  custom:CustomObjectIndexerAttribute: 43b350a4d6e6d1791af0b5038c4bea17 -> 
  custom:scripting/monoscript/fileName/TextPopUpEffect.cs: 4c18a05c483d55fa77cfa612e8ddc9c4 -> 
  custom:container-demuxer-webm: 4f35f7cbe854078d1ac9338744f61a02 -> 
  custom:scripting/precompiled-assembly-types:Firebase.Platform: d14ce0264be95e714b4139445adac33c -> 
  custom:scripting/monoscript/fileName/Chat.cs: b2f08e598e752eacb934e28e6253c666 -> 
  custom:container-muxer-webm: aa71ff27fc2769a1b78a27578f13a17b -> 
  custom:scripting/monoscript/fileName/NetworkManager.cs: e4fa93220985ebf211f3da91d4ced24a -> 
  custom:video-decoder-webm-vp8: 9c59270c3fd7afecdb556c50c9e8de78 -> 
  custom:SearchIndexIgnoredProperties: e643bd26f0fe6173181afceb89e7c659 -> 
  custom:scripting/monoscript/fileName/PanelPopUP.cs: 479b16700d7a270ac11bfa929321ab1d -> 
  custom:AudioImporter_EditorPlatform: d09bf68614088b80899f8185d706f6e7 -> 
  custom:scripting/monoscript/fileName/ChatGui.cs: 83ccb577c346edd301c0a35e11693dfd -> 
  custom:scripting/monoscript/fileName/TextButtonTransition.cs: 72f2c4484a6dc921aacef6b387422aa7 -> 72621123551f8416d26a631e33786da7
  custom:scripting/precompiled-assembly-types:Firebase.Analytics: 875f41459afcbf8d98fa87a6ae562893 -> 
  custom:scripting/monoscript/fileName/AppSettingsExtensions.cs: 7eb3b190282e171c2845b1d8ee71ed5c -> 
  custom:scripting/precompiled-assembly-types:Firebase.Database: 95b442b6352a3bb195de131f4cd2140b -> 
  custom:scripting/monoscript/fileName/SliderValueManager.cs: e26d3146ce1ca417a43532470ebb5624 -> 
  custom:scripting/monoscript/fileName/ImageUploader.cs: db8aa04dda6b820dda33e9a6a8c35510 -> 
  custom:scripting/monoscript/fileName/OnStartDelete.cs: ca7ff388213f651af9d8be5d8844a8f4 -> 020107d689eae9ab4a37b46ac589b3dd
  custom:scripting/monoscript/fileName/FadeInOut.cs: b32f07c6c8602854515a8d5a13f87cde -> 
  custom:scripting/monoscript/fileName/UiManager.cs: c723898d2a3e0230bc5212035d2d0816 -> 
  custom:video-encoder-webm-vp8: eb34c28f22e8b96e1ab97ce403110664 -> 
  custom:audio-decoder-ogg-vorbis: bf7c407c2cedff20999df2af8eb42d56 -> 
  custom:scripting/monoscript/fileName/Database.cs: b03b15aa16c38ea19551a2ff620fd22d -> 
  custom:scripting/monoscript/fileName/Message.cs: f37f337d9f8d4a2b588c882e966b690c -> 671a789acb2c7a93d0b620fe02979957
  custom:audio-encoder-webm-vorbis: bf7c407c2cedff20999df2af8eb42d56 -> 
  custom:scripting/precompiled-assembly-types:Firebase.TaskExtension: 4944811159cb3ca7ad7616b292bf6ce4 -> 
  custom:scripting/monoscript/fileName/FriendItem.cs: 7041a5cee458fd755b4167724bf865d2 -> 
  custom:scripting/precompiled-assembly-types:Google.MiniJson: 61df7a3d7ed06ef9b83818465399a53c -> 
  custom:scripting/precompiled-assembly-types:Assembly-CSharp: 6528d6f62b4e1684ec311cc8a3843398 -> 
  custom:scripting/precompiled-assembly-types:Firebase.App: 17cfe68a027ec73b2c39ff9998b8261c -> 
========================================================================
Received Import Request.
  Time since last request: 23302.790705 seconds.
  path: Assets/Roboto-Bold SDF.asset
  artifactKey: Guid(881282547c48e0b4493e3d8975b09a7b) Importer(815301076,1909f56bfc062723c751e8b465ee728b)
Start importing Assets/Roboto-Bold SDF.asset using Guid(881282547c48e0b4493e3d8975b09a7b) Importer(815301076,1909f56bfc062723c751e8b465ee728b)  -> (artifact id: '319a60ea5b5e01cdec7118f89800c7a1') in 0.579674 seconds
Number of updated asset objects reloaded before import = 0
Number of asset objects unloaded after import = 6
========================================================================
Received Import Request.
  Time since last request: 0.000048 seconds.
  path: Assets/Roboto-Thin SDF.asset
  artifactKey: Guid(045ef143e44f6014d96dadcc71ea641e) Importer(815301076,1909f56bfc062723c751e8b465ee728b)
Start importing Assets/Roboto-Thin SDF.asset using Guid(045ef143e44f6014d96dadcc71ea641e) Importer(815301076,1909f56bfc062723c751e8b465ee728b)  -> (artifact id: 'c9ad4805da027157bff28ab67e944b8e') in 0.045357 seconds
Number of updated asset objects reloaded before import = 0
Number of asset objects unloaded after import = 6
Editor requested this worker to shutdown with reason: Scaling down because of idle timeout
TcpMessagingSession - receive error: operation aborted. errorcode: 995, details: The I/O operation has been aborted because of either a thread exit or an application request.
AssetImportWorker is now disconnected from the server
Process exiting
Exiting without the bug reporter. Application will terminate with return code 0